[debug] [2023-07-27T20:18:20.947Z] ----------------------------------------------------------------------
[debug] [2023-07-27T20:18:20.950Z] Command:       C:\Program Files\nodejs\node.exe C:\Users\Pluha\AppData\Roaming\npm\node_modules\firebase-tools\lib\bin\firebase.js init
[debug] [2023-07-27T20:18:20.951Z] CLI Version:   12.4.6
[debug] [2023-07-27T20:18:20.951Z] Platform:      win32
[debug] [2023-07-27T20:18:20.951Z] Node Version:  v20.5.0
[debug] [2023-07-27T20:18:20.951Z] Time:          Thu Jul 27 2023 23:18:20 GMT+0300 (Восточная Европа, летнее время)
[debug] [2023-07-27T20:18:20.951Z] ----------------------------------------------------------------------
[debug] 
[debug] [2023-07-27T20:18:20.958Z] > command requires scopes: ["email","openid","https://www.googleapis.com/auth/cloudplatformprojects.readonly","https://www.googleapis.com/auth/firebase","https://www.googleapis.com/auth/cloud-platform"]
[debug] [2023-07-27T20:18:20.958Z] > authorizing via signed-in user (iljak200025@gmail.com)
[info] 
     ######## #### ########  ######## ########     ###     ######  ########
     ##        ##  ##     ## ##       ##     ##  ##   ##  ##       ##
     ######    ##  ########  ######   ########  #########  ######  ######
     ##        ##  ##    ##  ##       ##     ## ##     ##       ## ##
     ##       #### ##     ## ######## ########  ##     ##  ######  ########

You're about to initialize a Firebase project in this directory:

  D:\Desktop\Comp_Website

[info] 
=== Project Setup
[info] 
[info] First, let's associate this project directory with a Firebase project.
[info] You can create multiple project aliases by running firebase use --add, 
[info] but for now we'll just set up a default project.
[info] 
[debug] [2023-07-27T20:19:02.119Z] >>> [apiv2][query] GET https://firebase.googleapis.com/v1beta1/projects pageSize=100
[debug] [2023-07-27T20:19:03.578Z] <<< [apiv2][status] GET https://firebase.googleapis.com/v1beta1/projects 200
[debug] [2023-07-27T20:19:03.578Z] <<< [apiv2][body] GET https://firebase.googleapis.com/v1beta1/projects [omitted]
[info] i  Using project data-collection-website-ba175 (Data Collection Website) 
[info] 
=== Database Setup
[info] i  database: ensuring required API firebasedatabase.googleapis.com is enabled... 
[debug] [2023-07-27T20:19:11.454Z] >>> [apiv2][query] GET https://serviceusage.googleapis.com/v1/projects/data-collection-website-ba175/services/firebasedatabase.googleapis.com [none]
[debug] [2023-07-27T20:19:11.454Z] >>> [apiv2][(partial)header] GET https://serviceusage.googleapis.com/v1/projects/data-collection-website-ba175/services/firebasedatabase.googleapis.com x-goog-quota-user=projects/data-collection-website-ba175
[debug] [2023-07-27T20:19:12.391Z] <<< [apiv2][status] GET https://serviceusage.googleapis.com/v1/projects/data-collection-website-ba175/services/firebasedatabase.googleapis.com 200
[debug] [2023-07-27T20:19:12.391Z] <<< [apiv2][body] GET https://serviceusage.googleapis.com/v1/projects/data-collection-website-ba175/services/firebasedatabase.googleapis.com [omitted]
[info] +  database: required API firebasedatabase.googleapis.com is enabled 
[info] 
[debug] [2023-07-27T20:19:12.392Z] >>> [apiv2][query] GET https://firebasedatabase.googleapis.com/v1beta/projects/data-collection-website-ba175/locations/-/instances/data-collection-website-ba175-default-rtdb [none]
[debug] [2023-07-27T20:19:13.302Z] <<< [apiv2][status] GET https://firebasedatabase.googleapis.com/v1beta/projects/data-collection-website-ba175/locations/-/instances/data-collection-website-ba175-default-rtdb 200
[debug] [2023-07-27T20:19:13.302Z] <<< [apiv2][body] GET https://firebasedatabase.googleapis.com/v1beta/projects/data-collection-website-ba175/locations/-/instances/data-collection-website-ba175-default-rtdb {"name":"projects/113458601245/locations/europe-west1/instances/data-collection-website-ba175-default-rtdb","project":"projects/113458601245","databaseUrl":"https://data-collection-website-ba175-default-rtdb.europe-west1.firebasedatabase.app","type":"DEFAULT_DATABASE","state":"ACTIVE"}
[info] 
[info] Firebase Realtime Database Security Rules allow you to define how your data should be
[info] structured and when your data can be read from and written to.
[info] 
[debug] [2023-07-27T20:19:26.589Z] >>> [apiv2][query] GET https://data-collection-website-ba175-default-rtdb.europe-west1.firebasedatabase.app/.settings/rules.json [none]
[debug] [2023-07-27T20:19:26.758Z] <<< [apiv2][status] GET https://data-collection-website-ba175-default-rtdb.europe-west1.firebasedatabase.app/.settings/rules.json 200
[debug] [2023-07-27T20:19:26.758Z] <<< [apiv2][body] GET https://data-collection-website-ba175-default-rtdb.europe-west1.firebasedatabase.app/.settings/rules.json [stream]
[info] +  Database Rules for data-collection-website-ba175-default-rtdb have been written to database.rules.json. 
[info] Future modifications to database.rules.json will update Realtime Database Security Rules when you run
[info] firebase deploy.
[info] 
=== Firestore Setup
[debug] [2023-07-27T20:19:26.761Z] >>> [apiv2][query] GET https://serviceusage.googleapis.com/v1/projects/data-collection-website-ba175/services/firestore.googleapis.com [none]
[debug] [2023-07-27T20:19:26.761Z] >>> [apiv2][(partial)header] GET https://serviceusage.googleapis.com/v1/projects/data-collection-website-ba175/services/firestore.googleapis.com x-goog-quota-user=projects/data-collection-website-ba175
[debug] [2023-07-27T20:19:27.684Z] <<< [apiv2][status] GET https://serviceusage.googleapis.com/v1/projects/data-collection-website-ba175/services/firestore.googleapis.com 200
[debug] [2023-07-27T20:19:27.685Z] <<< [apiv2][body] GET https://serviceusage.googleapis.com/v1/projects/data-collection-website-ba175/services/firestore.googleapis.com [omitted]
[debug] [2023-07-27T20:19:27.685Z] >>> [apiv2][query] GET https://firestore.googleapis.com/v1/projects/data-collection-website-ba175/databases/(default) [none]
[debug] [2023-07-27T20:19:28.047Z] <<< [apiv2][status] GET https://firestore.googleapis.com/v1/projects/data-collection-website-ba175/databases/(default) 200
[debug] [2023-07-27T20:19:28.047Z] <<< [apiv2][body] GET https://firestore.googleapis.com/v1/projects/data-collection-website-ba175/databases/(default) {"name":"projects/data-collection-website-ba175/databases/(default)","uid":"47b51699-e234-4300-904f-495e2234434b","createTime":"2023-07-25T15:56:22.351560Z","updateTime":"2023-07-25T15:56:22.351560Z","locationId":"europe-central2","type":"FIRESTORE_NATIVE","concurrencyMode":"PESSIMISTIC","versionRetentionPeriod":"3600s","earliestVersionTime":"2023-07-27T19:19:26.599315Z","appEngineIntegrationMode":"DISABLED","keyPrefix":"zlm","pointInTimeRecoveryEnablement":"POINT_IN_TIME_RECOVERY_DISABLED","deleteProtectionState":"DELETE_PROTECTION_DISABLED","etag":"IIyflvLar4ADMKyNyI3Pr4AD"}
[debug] [2023-07-27T20:19:28.047Z] database_type: FIRESTORE_NATIVE
[debug] [2023-07-27T20:19:28.047Z] > command requires scopes: ["email","openid","https://www.googleapis.com/auth/cloudplatformprojects.readonly","https://www.googleapis.com/auth/firebase","https://www.googleapis.com/auth/cloud-platform"]
[debug] [2023-07-27T20:19:28.047Z] > authorizing via signed-in user (iljak200025@gmail.com)
[debug] [2023-07-27T20:19:28.047Z] [iam] checking project data-collection-website-ba175 for permissions ["firebase.projects.get"]
[debug] [2023-07-27T20:19:28.048Z] >>> [apiv2][query] POST https://cloudresourcemanager.googleapis.com/v1/projects/data-collection-website-ba175:testIamPermissions [none]
[debug] [2023-07-27T20:19:28.048Z] >>> [apiv2][(partial)header] POST https://cloudresourcemanager.googleapis.com/v1/projects/data-collection-website-ba175:testIamPermissions x-goog-quota-user=projects/data-collection-website-ba175
[debug] [2023-07-27T20:19:28.048Z] >>> [apiv2][body] POST https://cloudresourcemanager.googleapis.com/v1/projects/data-collection-website-ba175:testIamPermissions {"permissions":["firebase.projects.get"]}
[debug] [2023-07-27T20:19:28.805Z] <<< [apiv2][status] POST https://cloudresourcemanager.googleapis.com/v1/projects/data-collection-website-ba175:testIamPermissions 200
[debug] [2023-07-27T20:19:28.805Z] <<< [apiv2][body] POST https://cloudresourcemanager.googleapis.com/v1/projects/data-collection-website-ba175:testIamPermissions {"permissions":["firebase.projects.get"]}
[info] 
[info] Firestore Security Rules allow you to define how and when to allow
[info] requests. You can keep these rules in your project directory
[info] and publish them with firebase deploy.
[info] 
[debug] [2023-07-27T20:19:30.997Z] >>> [apiv2][query] GET https://firebaserules.googleapis.com/v1/projects/data-collection-website-ba175/releases pageSize=10&pageToken=
[debug] [2023-07-27T20:19:31.335Z] <<< [apiv2][status] GET https://firebaserules.googleapis.com/v1/projects/data-collection-website-ba175/releases 200
[debug] [2023-07-27T20:19:31.335Z] <<< [apiv2][body] GET https://firebaserules.googleapis.com/v1/projects/data-collection-website-ba175/releases {"releases":[{"name":"projects/data-collection-website-ba175/releases/cloud.firestore","rulesetName":"projects/data-collection-website-ba175/rulesets/437fd41b-43cb-4b5f-ab3f-721c898531a5","createTime":"2023-07-25T15:56:28.807173Z","updateTime":"2023-07-25T15:56:28.807173Z"},{"name":"projects/data-collection-website-ba175/releases/firebase.storage/data-collection-website-ba175.appspot.com","rulesetName":"projects/data-collection-website-ba175/rulesets/7290eaa8-d06e-4b31-aca0-e48a726d73ef","createTime":"2023-07-27T20:04:18.605227Z","updateTime":"2023-07-27T20:04:18.605227Z"}]}
[debug] [2023-07-27T20:19:31.345Z] Found ruleset: projects/data-collection-website-ba175/rulesets/437fd41b-43cb-4b5f-ab3f-721c898531a5
[debug] [2023-07-27T20:19:31.345Z] >>> [apiv2][query] GET https://firebaserules.googleapis.com/v1/projects/data-collection-website-ba175/rulesets/437fd41b-43cb-4b5f-ab3f-721c898531a5 [none]
[debug] [2023-07-27T20:19:31.552Z] <<< [apiv2][status] GET https://firebaserules.googleapis.com/v1/projects/data-collection-website-ba175/rulesets/437fd41b-43cb-4b5f-ab3f-721c898531a5 200
[debug] [2023-07-27T20:19:31.552Z] <<< [apiv2][body] GET https://firebaserules.googleapis.com/v1/projects/data-collection-website-ba175/rulesets/437fd41b-43cb-4b5f-ab3f-721c898531a5 [omitted]
[info] 
[info] Firestore indexes allow you to perform complex queries while
[info] maintaining performance that scales with the size of the result
[info] set. You can keep index definitions in your project directory
[info] and publish them with firebase deploy.
[info] 
[debug] [2023-07-27T20:19:33.005Z] >>> [apiv2][query] GET https://firestore.googleapis.com/v1/projects/data-collection-website-ba175/databases/(default)/collectionGroups/-/indexes [none]
[debug] [2023-07-27T20:19:33.006Z] >>> [apiv2][query] GET https://firestore.googleapis.com/v1/projects/data-collection-website-ba175/databases/(default)/collectionGroups/-/fields?filter=indexConfig.usesAncestorConfig=false OR ttlConfig:* [none]
[debug] [2023-07-27T20:19:33.111Z] <<< [apiv2][status] GET https://firestore.googleapis.com/v1/projects/data-collection-website-ba175/databases/(default)/collectionGroups/-/indexes 200
[debug] [2023-07-27T20:19:33.111Z] <<< [apiv2][body] GET https://firestore.googleapis.com/v1/projects/data-collection-website-ba175/databases/(default)/collectionGroups/-/indexes {}
[debug] [2023-07-27T20:19:33.227Z] <<< [apiv2][status] GET https://firestore.googleapis.com/v1/projects/data-collection-website-ba175/databases/(default)/collectionGroups/-/fields?filter=indexConfig.usesAncestorConfig=false OR ttlConfig:* 200
[debug] [2023-07-27T20:19:33.227Z] <<< [apiv2][body] GET https://firestore.googleapis.com/v1/projects/data-collection-website-ba175/databases/(default)/collectionGroups/-/fields?filter=indexConfig.usesAncestorConfig=false OR ttlConfig:* {"fields":[{"name":"projects/data-collection-website-ba175/databases/(default)/collectionGroups/__default__/fields/*","indexConfig":{"indexes":[{"queryScope":"COLLECTION","fields":[{"fieldPath":"*","order":"ASCENDING"}],"state":"READY"},{"queryScope":"COLLECTION","fields":[{"fieldPath":"*","order":"DESCENDING"}],"state":"READY"},{"queryScope":"COLLECTION","fields":[{"fieldPath":"*","arrayConfig":"CONTAINS"}],"state":"READY"}]}}]}
[info] 
=== Functions Setup
[debug] [2023-07-27T20:19:33.228Z] > command requires scopes: ["email","openid","https://www.googleapis.com/auth/cloudplatformprojects.readonly","https://www.googleapis.com/auth/firebase","https://www.googleapis.com/auth/cloud-platform"]
[debug] [2023-07-27T20:19:33.228Z] > authorizing via signed-in user (iljak200025@gmail.com)
[debug] [2023-07-27T20:19:33.228Z] [iam] checking project data-collection-website-ba175 for permissions ["firebase.projects.get"]
[debug] [2023-07-27T20:19:33.229Z] >>> [apiv2][query] POST https://cloudresourcemanager.googleapis.com/v1/projects/data-collection-website-ba175:testIamPermissions [none]
[debug] [2023-07-27T20:19:33.229Z] >>> [apiv2][(partial)header] POST https://cloudresourcemanager.googleapis.com/v1/projects/data-collection-website-ba175:testIamPermissions x-goog-quota-user=projects/data-collection-website-ba175
[debug] [2023-07-27T20:19:33.229Z] >>> [apiv2][body] POST https://cloudresourcemanager.googleapis.com/v1/projects/data-collection-website-ba175:testIamPermissions {"permissions":["firebase.projects.get"]}
[debug] [2023-07-27T20:19:33.383Z] <<< [apiv2][status] POST https://cloudresourcemanager.googleapis.com/v1/projects/data-collection-website-ba175:testIamPermissions 200
[debug] [2023-07-27T20:19:33.383Z] <<< [apiv2][body] POST https://cloudresourcemanager.googleapis.com/v1/projects/data-collection-website-ba175:testIamPermissions {"permissions":["firebase.projects.get"]}
[debug] [2023-07-27T20:19:33.383Z] >>> [apiv2][query] GET https://serviceusage.googleapis.com/v1/projects/data-collection-website-ba175/services/cloudfunctions.googleapis.com [none]
[debug] [2023-07-27T20:19:33.383Z] >>> [apiv2][(partial)header] GET https://serviceusage.googleapis.com/v1/projects/data-collection-website-ba175/services/cloudfunctions.googleapis.com x-goog-quota-user=projects/data-collection-website-ba175
[debug] [2023-07-27T20:19:33.385Z] >>> [apiv2][query] GET https://serviceusage.googleapis.com/v1/projects/data-collection-website-ba175/services/runtimeconfig.googleapis.com [none]
[debug] [2023-07-27T20:19:33.385Z] >>> [apiv2][(partial)header] GET https://serviceusage.googleapis.com/v1/projects/data-collection-website-ba175/services/runtimeconfig.googleapis.com x-goog-quota-user=projects/data-collection-website-ba175
[debug] [2023-07-27T20:19:34.291Z] <<< [apiv2][status] GET https://serviceusage.googleapis.com/v1/projects/data-collection-website-ba175/services/cloudfunctions.googleapis.com 200
[debug] [2023-07-27T20:19:34.292Z] <<< [apiv2][body] GET https://serviceusage.googleapis.com/v1/projects/data-collection-website-ba175/services/cloudfunctions.googleapis.com [omitted]
[debug] [2023-07-27T20:19:34.301Z] <<< [apiv2][status] GET https://serviceusage.googleapis.com/v1/projects/data-collection-website-ba175/services/runtimeconfig.googleapis.com 200
[debug] [2023-07-27T20:19:34.301Z] <<< [apiv2][body] GET https://serviceusage.googleapis.com/v1/projects/data-collection-website-ba175/services/runtimeconfig.googleapis.com [omitted]
[info] 
Detected existing codebase(s): default

[info] Let's create a new codebase for your functions.
[info] A directory corresponding to the codebase will be created in your project
[info] with sample code pre-configured.

[info] See https://firebase.google.com/docs/functions/organize-functions for
[info] more information on organizing your functions using codebases.

[info] Functions can be deployed with firebase deploy.

[info] +  Wrote dev-version/package.json 
[info] +  Wrote dev-version/index.js 
[info] +  Wrote dev-version/.gitignore 
[info] 
=== Hosting Setup
[info] 
[info] Your public directory is the folder (relative to your project directory) that
[info] will contain Hosting assets to be uploaded with firebase deploy. If you
[info] have a build process for your assets, use your build's output directory.
[info] 
[info] +  Wrote public/404.html 
[debug] [2023-07-27T20:23:03.423Z] >>> [apiv2][query] GET https://www.gstatic.com/firebasejs/releases.json [none]
[debug] [2023-07-27T20:23:03.576Z] <<< [apiv2][status] GET https://www.gstatic.com/firebasejs/releases.json 200
[debug] [2023-07-27T20:23:03.576Z] <<< [apiv2][body] GET https://www.gstatic.com/firebasejs/releases.json {"current":{"version":"10.1.0","browserURL":"https://www.gstatic.com/firebasejs/10.1.0/firebase.js","packageURL":"https://www.gstatic.com/firebasejs/10.1.0/firebase.tgz"},"live":{"version":"10.1","browserURL":"https://www.gstatic.com/firebasejs/live/10.1/firebase.js","packageURL":"https://www.gstatic.com/firebasejs/live/10.1/firebase.tgz"},"components":{"analytics":"https://www.gstatic.com/firebasejs/10.1.0/firebase-analytics.js","app":"https://www.gstatic.com/firebasejs/10.1.0/firebase-app.js","app-check":"https://www.gstatic.com/firebasejs/10.1.0/firebase-app-check.js","auth":"https://www.gstatic.com/firebasejs/10.1.0/firebase-auth.js","auth/cordova":"https://www.gstatic.com/firebasejs/10.1.0/firebase-auth/cordova.js","functions":"https://www.gstatic.com/firebasejs/10.1.0/firebase-functions.js","firestore":"https://www.gstatic.com/firebasejs/10.1.0/firebase-firestore.js","firestore/lite":"https://www.gstatic.com/firebasejs/10.1.0/firebase-firestore/lite.js","installations":"https://www.gstatic.com/firebasejs/10.1.0/firebase-installations.js","storage":"https://www.gstatic.com/firebasejs/10.1.0/firebase-storage.js","performance":"https://www.gstatic.com/firebasejs/10.1.0/firebase-performance.js","remote-config":"https://www.gstatic.com/firebasejs/10.1.0/firebase-remote-config.js","messaging":"https://www.gstatic.com/firebasejs/10.1.0/firebase-messaging.js","messaging/sw":"https://www.gstatic.com/firebasejs/10.1.0/firebase-messaging/sw.js","database":"https://www.gstatic.com/firebasejs/10.1.0/firebase-database.js","firestore.memory":"https://www.gstatic.com/firebasejs/10.1.0/firebase-firestore.memory.js"}}
[info] +  Wrote public/index.html 
[info] 
=== Storage Setup
[info] 
[info] Firebase Storage Security Rules allow you to define how and when to allow
[info] uploads and downloads. You can keep these rules in your project directory
[info] and publish them with firebase deploy.
[info] 
[info] +  Wrote storage.rules 
[info] 
=== Emulators Setup
[info] 
=== Remoteconfig Setup
[info] 
=== Extensions Setup
[debug] [2023-07-27T20:24:44.397Z] > command requires scopes: ["email","openid","https://www.googleapis.com/auth/cloudplatformprojects.readonly","https://www.googleapis.com/auth/firebase","https://www.googleapis.com/auth/cloud-platform"]
[debug] [2023-07-27T20:24:44.397Z] > authorizing via signed-in user (iljak200025@gmail.com)
[debug] [2023-07-27T20:24:44.397Z] [iam] checking project data-collection-website-ba175 for permissions ["firebase.projects.get"]
[debug] [2023-07-27T20:24:44.397Z] >>> [apiv2][query] POST https://cloudresourcemanager.googleapis.com/v1/projects/data-collection-website-ba175:testIamPermissions [none]
[debug] [2023-07-27T20:24:44.397Z] >>> [apiv2][(partial)header] POST https://cloudresourcemanager.googleapis.com/v1/projects/data-collection-website-ba175:testIamPermissions x-goog-quota-user=projects/data-collection-website-ba175
[debug] [2023-07-27T20:24:44.397Z] >>> [apiv2][body] POST https://cloudresourcemanager.googleapis.com/v1/projects/data-collection-website-ba175:testIamPermissions {"permissions":["firebase.projects.get"]}
[debug] [2023-07-27T20:24:45.163Z] <<< [apiv2][status] POST https://cloudresourcemanager.googleapis.com/v1/projects/data-collection-website-ba175:testIamPermissions 200
[debug] [2023-07-27T20:24:45.163Z] <<< [apiv2][body] POST https://cloudresourcemanager.googleapis.com/v1/projects/data-collection-website-ba175:testIamPermissions {"permissions":["firebase.projects.get"]}
[debug] [2023-07-27T20:24:45.163Z] >>> [apiv2][query] GET https://serviceusage.googleapis.com/v1/projects/data-collection-website-ba175/services/firebaseextensions.googleapis.com [none]
[debug] [2023-07-27T20:24:45.163Z] >>> [apiv2][(partial)header] GET https://serviceusage.googleapis.com/v1/projects/data-collection-website-ba175/services/firebaseextensions.googleapis.com x-goog-quota-user=projects/data-collection-website-ba175
[debug] [2023-07-27T20:24:46.098Z] <<< [apiv2][status] GET https://serviceusage.googleapis.com/v1/projects/data-collection-website-ba175/services/firebaseextensions.googleapis.com 200
[debug] [2023-07-27T20:24:46.098Z] <<< [apiv2][body] GET https://serviceusage.googleapis.com/v1/projects/data-collection-website-ba175/services/firebaseextensions.googleapis.com [omitted]
[info] 
=== Frameworks Setup
[info] i  First we need a few details to create your service. 
[info] +  Region set to us-central1. 
[info] 
=== Deploy Setup
